Vivado Simulator 2019.1
Time resolution is 1 ps
Time = 0 | clk = 0, T = 0, rst = 0 => Q = x
Time = 5000 | clk = 1, T = 0, rst = 0 => Q = x
Time = 10000 | clk = 0, T = 0, rst = 1 => Q = 0
Time = 13000 | clk = 0, T = 0, rst = 0 => Q = 0
Time = 15000 | clk = 1, T = 0, rst = 0 => Q = 0
Time = 20000 | clk = 0, T = 0, rst = 0 => Q = 0
Time = 25000 | clk = 1, T = 0, rst = 0 => Q = 0
Time = 30000 | clk = 0, T = 0, rst = 0 => Q = 0
Time = 35000 | clk = 1, T = 0, rst = 0 => Q = 0
Time = 40000 | clk = 0, T = 0, rst = 0 => Q = 0
Time = 43000 | clk = 0, T = 1, rst = 0 => Q = 0
Time = 45000 | clk = 1, T = 1, rst = 0 => Q = 0
Time = 50000 | clk = 0, T = 1, rst = 0 => Q = 1
Time = 55000 | clk = 1, T = 1, rst = 0 => Q = 1
Time = 60000 | clk = 0, T = 1, rst = 0 => Q = 0
Time = 65000 | clk = 1, T = 1, rst = 0 => Q = 0
Time = 70000 | clk = 0, T = 1, rst = 0 => Q = 1
Time = 75000 | clk = 1, T = 1, rst = 0 => Q = 1
Time = 80000 | clk = 0, T = 1, rst = 0 => Q = 0
Time = 85000 | clk = 1, T = 1, rst = 0 => Q = 0
Time = 90000 | clk = 0, T = 1, rst = 0 => Q = 1
Time = 95000 | clk = 1, T = 1, rst = 0 => Q = 1
Time = 100000 | clk = 0, T = 1, rst = 0 => Q = 0
Time = 103000 | clk = 0, T = 0, rst = 0 => Q = 0
Time = 105000 | clk = 1, T = 0, rst = 0 => Q = 0
Time = 110000 | clk = 0, T = 0, rst = 0 => Q = 0
Time = 115000 | clk = 1, T = 0, rst = 0 => Q = 0
Time = 120000 | clk = 0, T = 0, rst = 0 => Q = 0
Time = 125000 | clk = 1, T = 0, rst = 0 => Q = 0
Time = 128000 | clk = 1, T = 0, rst = 1 => Q = 0
Time = 130000 | clk = 0, T = 0, rst = 1 => Q = 0
Time = 133000 | clk = 0, T = 0, rst = 0 => Q = 0
Time = 135000 | clk = 1, T = 0, rst = 0 => Q = 0
Time = 140000 | clk = 0, T = 0, rst = 0 => Q = 0
Time = 143000 | clk = 0, T = 1, rst = 0 => Q = 0
Time = 145000 | clk = 1, T = 1, rst = 0 => Q = 0
Time = 150000 | clk = 0, T = 1, rst = 0 => Q = 1
Time = 155000 | clk = 1, T = 1, rst = 0 => Q = 1
Time = 160000 | clk = 0, T = 1, rst = 0 => Q = 0
Time = 165000 | clk = 1, T = 1, rst = 0 => Q = 0
Time = 170000 | clk = 0, T = 1, rst = 0 => Q = 1
$finish called at time : 173 ns : File "F:/Sillycon/Code/RTL/T flip flop/tb_t_ff.v" Line 59
