#-----------------------------------------------------------
# Vivado v2019.1 (64-bit)
# SW Build 2552052 on Fri May 24 14:49:42 MDT 2019
# IP Build 2548770 on Fri May 24 18:01:18 MDT 2019
# Start of session at: Mon Jun 23 10:46:21 2025
# Process ID: 264952
# Current directory: F:/Sillycon/Code/RTL/ring counter
# Command line: vivado.exe -gui_launcher_event rodinguilauncherevent258412 F:\Sillycon\Code\RTL\ring counter\ring counter.xpr
# Log file: F:/Sillycon/Code/RTL/ring counter/vivado.log
# Journal file: F:/Sillycon/Code/RTL/ring counter\vivado.jou
#-----------------------------------------------------------
start_gui
open_project {F:/Sillycon/Code/RTL/ring counter/ring counter.xpr}
Scanning sources...
Finished scanning sources
INFO: [IP_Flow 19-234] Refreshing IP repositories
INFO: [IP_Flow 19-1704] No user IP repositories specified
INFO: [IP_Flow 19-2313] Loaded Vivado IP repository 'F:/Applications/Vivado/2019.1/data/ip'.
open_project: Time (s): cpu = 00:00:28 ; elapsed = 00:00:16 . Memory (MB): peak = 670.645 ; gain = 59.152
update_compile_order -fileset sources_1
exit
INFO: [Common 17-206] Exiting Vivado at Mon Jun 23 10:51:52 2025...
