#-----------------------------------------------------------
# Vivado v2019.1 (64-bit)
# SW Build 2552052 on Fri May 24 14:49:42 MDT 2019
# IP Build 2548770 on Fri May 24 18:01:18 MDT 2019
# Start of session at: Sun Jun 22 10:37:37 2025
# Process ID: 254568
# Current directory: F:/Sillycon/Code/RTL/master slave  ff
# Command line: vivado.exe -gui_launcher_event rodinguilauncherevent229688 F:\Sillycon\Code\RTL\master slave  ff\master slave  ff.xpr
# Log file: F:/Sillycon/Code/RTL/master slave  ff/vivado.log
# Journal file: F:/Sillycon/Code/RTL/master slave  ff\vivado.jou
#-----------------------------------------------------------
start_gui
open_project {F:/Sillycon/Code/RTL/master slave  ff/master slave  ff.xpr}
Scanning sources...
Finished scanning sources
INFO: [IP_Flow 19-234] Refreshing IP repositories
INFO: [IP_Flow 19-1704] No user IP repositories specified
INFO: [IP_Flow 19-2313] Loaded Vivado IP repository 'F:/Applications/Vivado/2019.1/data/ip'.
open_project: Time (s): cpu = 00:00:24 ; elapsed = 00:00:20 . Memory (MB): peak = 672.793 ; gain = 61.824
update_compile_order -fileset sources_1
exit
INFO: [Common 17-206] Exiting Vivado at Sun Jun 22 10:42:48 2025...
