#-----------------------------------------------------------
# Vivado v2019.1 (64-bit)
# SW Build 2552052 on Fri May 24 14:49:42 MDT 2019
# IP Build 2548770 on Fri May 24 18:01:18 MDT 2019
# Start of session at: Sat Jun 21 00:03:37 2025
# Process ID: 229304
# Current directory: F:/Sillycon/Code/RTL/synch_3bit_up_counter
# Command line: vivado.exe -gui_launcher_event rodinguilauncherevent230604 F:\Sillycon\Code\RTL\synch_3bit_up_counter\synch_3bit_up_counter.xpr
# Log file: F:/Sillycon/Code/RTL/synch_3bit_up_counter/vivado.log
# Journal file: F:/Sillycon/Code/RTL/synch_3bit_up_counter\vivado.jou
#-----------------------------------------------------------
start_gui
open_project F:/Sillycon/Code/RTL/synch_3bit_up_counter/synch_3bit_up_counter.xpr
Scanning sources...
Finished scanning sources
INFO: [IP_Flow 19-234] Refreshing IP repositories
INFO: [IP_Flow 19-1704] No user IP repositories specified
INFO: [IP_Flow 19-2313] Loaded Vivado IP repository 'F:/Applications/Vivado/2019.1/data/ip'.
open_project: Time (s): cpu = 00:00:22 ; elapsed = 00:00:10 . Memory (MB): peak = 694.301 ; gain = 49.297
update_compile_order -fileset sources_1
exit
INFO: [Common 17-206] Exiting Vivado at Sat Jun 21 00:11:48 2025...
